Arguments: 
  /usr/local/bin/node /usr/local/bin/yarn install

PATH: 
  /Library/Frameworks/Python.framework/Versions/3.6/bin:/usr/local/bin:/usr/bin:/bin:/usr/sbin:/sbin

Yarn version: 
  1.5.1

Node version: 
  8.9.4

Platform: 
  darwin x64

npm manifest: 
  {
    "name": "mern",
    "version": "0.1.0",
    "private": true,
    "proxy": "http://localhost:3001/",
    "dependencies": {
      "react": "^16.0.0",
      "react-dom": "^16.0.0",
      "react-scripts": "1.0.14",
      "react-router-dom": "^4.1.2",
      "axios": "^0.16.2"
    },
    "scripts": {
      "start": "react-scripts start",
      "build": "react-scripts build",
      "test": "react-scripts test --env=jsdom",
      "eject": "react-scripts eject"
    }
  }

yarn manifest: 
  No manifest

Lockfile: 
  No lockfile

Trace: 
  Error: connect EHOSTUNREACH 104.16.61.173:443 - Local (10.105.252.136:63949)
      at Object._errnoException (util.js:1022:11)
      at _exceptionWithHostPort (util.js:1044:20)
      at internalConnect (net.js:971:16)
      at emitLookup (net.js:1106:7)
      at /usr/local/lib/node_modules/yarn/lib/cli.js:101917:29
      at /usr/local/lib/node_modules/yarn/lib/cli.js:101763:25
      at RawTask.module.exports.RawTask.call (/usr/local/lib/node_modules/yarn/lib/cli.js:82623:19)
      at flush (/usr/local/lib/node_modules/yarn/lib/cli.js:82705:29)
      at _combinedTickCallback (internal/process/next_tick.js:131:7)
      at process._tickCallback (internal/process/next_tick.js:180:9)
